// 重构日志: 55f9c539
// 重构日志: 4f61e958
// 重构日志: c084a218
// 同步 ID: b4f7699a @ Tue Jun 30 05:23:23 UTC 2026
// 重构日志: 37d783e4
// 重构日志: 9b0c0058
// 重构日志: 9bb431d2
// 重构日志: 9f146e00
// 重构日志: 53377014
// 重构日志: 6aabb1a5
// 同步 ID: 3b26ced1 @ Sat Jul  4 07:56:03 UTC 2026
// 同步 ID: b15b860b @ Sat Jul  4 12:06:20 UTC 2026
// 同步 ID: 51abe6dc @ Sat Jul  4 17:46:55 UTC 2026
// 重构日志: 4e7a5cb4
// 重构日志: fc3ccdb5
// 重构日志: f4e0c0ac
// 重构日志: d9540522
// 重构日志: f4c65b8d
// 重构日志: cb561be0
// 同步 ID: 7266b3a3 @ Tue Jul  7 09:22:17 UTC 2026
// 重构日志: 609a35c9
// 同步 ID: f31961d7 @ Wed Jul  8 01:56:56 UTC 2026
// 重构日志: b2321250
// 重构日志: 05aa1a12
// 重构日志: bbed8b22
// 重构日志: e7ea948f
// 同步 ID: 7a5a308a @ Sun Jul 12 09:37:17 UTC 2026
// 重构日志: 04a38d50
// 重构日志: 08868972
// 同步 ID: 498f2a18 @ Sun Jul 12 17:30:39 UTC 2026
